[2022-02-10 00:06:16,854]ERROR   578[AWT-EventQueue-0] - net.sf.jasperreports.extensions.DefaultExtensionsRegistry.loadRegistries(DefaultExtensionsRegistry.java:221) - Error instantiating extensions registry for functions from jar:file:/C:/Users/sunny/Documents/NetBeansProjects/Job%20Work%20Management%20System/lib_backup/jasperreports-functions-5.5.2.jar!/jasperreports_extension.properties
net.sf.jasperreports.engine.JRRuntimeException: Could not load class net.sf.jasperreports.functions.FunctionsRegistryFactory
	at net.sf.jasperreports.engine.util.ClassUtils.instantiateClass(ClassUtils.java:63)
	at net.sf.jasperreports.extensions.DefaultExtensionsRegistry.instantiateRegistry(DefaultExtensionsRegistry.java:237)
	at net.sf.jasperreports.extensions.DefaultExtensionsRegistry.loadRegistries(DefaultExtensionsRegistry.java:214)
	at net.sf.jasperreports.extensions.DefaultExtensionsRegistry.loadRegistries(DefaultExtensionsRegistry.java:162)
	at net.sf.jasperreports.extensions.DefaultExtensionsRegistry.getRegistries(DefaultExtensionsRegistry.java:133)
	at net.sf.jasperreports.extensions.DefaultExtensionsRegistry.getExtensions(DefaultExtensionsRegistry.java:105)
	at net.sf.jasperreports.engine.DefaultJasperReportsContext.getExtensions(DefaultJasperReportsContext.java:247)
	at net.sf.jasperreports.engine.component.ComponentsEnvironment.findBundles(ComponentsEnvironment.java:124)
	at net.sf.jasperreports.engine.component.ComponentsEnvironment.findComponentBundles(ComponentsEnvironment.java:200)
	at net.sf.jasperreports.engine.component.ComponentsEnvironment.getCachedBundles(ComponentsEnvironment.java:114)
	at net.sf.jasperreports.engine.component.ComponentsEnvironment.getCachedComponentBundles(ComponentsEnvironment.java:192)
	at net.sf.jasperreports.engine.component.ComponentsEnvironment.getBundles(ComponentsEnvironment.java:102)
	at net.sf.jasperreports.engine.component.ComponentsEnvironment.getComponentBundles(ComponentsEnvironment.java:184)
	at net.sf.jasperreports.engine.xml.JRReportSaxParserFactory.getSchemaLocations(JRReportSaxParserFactory.java:84)
	at net.sf.jasperreports.engine.xml.BaseSaxParserFactory.configureParser(BaseSaxParserFactory.java:131)
	at net.sf.jasperreports.engine.xml.BaseSaxParserFactory.createParser(BaseSaxParserFactory.java:94)
	at net.sf.jasperreports.engine.xml.JRXmlDigesterFactory.createParser(JRXmlDigesterFactory.java:1343)
	at net.sf.jasperreports.engine.xml.JRXmlDigesterFactory.createDigester(JRXmlDigesterFactory.java:1319)
	at net.sf.jasperreports.engine.xml.JRXmlLoader.load(JRXmlLoader.java:207)
	at net.sf.jasperreports.engine.xml.JRXmlLoader.load(JRXmlLoader.java:172)
	at net.sf.jasperreports.engine.xml.JRXmlLoader.load(JRXmlLoader.java:156)
	at job.work.management.system.CreateQuotation.printOptions(CreateQuotation.java:765)
	at job.work.management.system.CreateQuotation.btnPrintQuotationActionPerformed(CreateQuotation.java:1859)
	at job.work.management.system.CreateQuotation.access$3100(CreateQuotation.java:33)
	at job.work.management.system.CreateQuotation$31.actionPerformed(CreateQuotation.java:1520)
	at javax.swing.AbstractButton.fireActionPerformed(AbstractButton.java:2022)
	at javax.swing.AbstractButton$Handler.actionPerformed(AbstractButton.java:2348)
	at javax.swing.DefaultButtonModel.fireActionPerformed(DefaultButtonModel.java:402)
	at javax.swing.DefaultButtonModel.setPressed(DefaultButtonModel.java:259)
	at javax.swing.plaf.basic.BasicButtonListener.mouseReleased(BasicButtonListener.java:252)
	at java.awt.Component.processMouseEvent(Component.java:6535)
	at javax.swing.JComponent.processMouseEvent(JComponent.java:3324)
	at java.awt.Component.processEvent(Component.java:6300)
	at java.awt.Container.processEvent(Container.java:2236)
	at java.awt.Component.dispatchEventImpl(Component.java:4891)
	at java.awt.Container.dispatchEventImpl(Container.java:2294)
	at java.awt.Component.dispatchEvent(Component.java:4713)
	at java.awt.LightweightDispatcher.retargetMouseEvent(Container.java:4888)
	at java.awt.LightweightDispatcher.processMouseEvent(Container.java:4525)
	at java.awt.LightweightDispatcher.dispatchEvent(Container.java:4466)
	at java.awt.Container.dispatchEventImpl(Container.java:2280)
	at java.awt.Window.dispatchEventImpl(Window.java:2750)
	at java.awt.Component.dispatchEvent(Component.java:4713)
	at java.awt.EventQueue.dispatchEventImpl(EventQueue.java:758)
	at java.awt.EventQueue.access$500(EventQueue.java:97)
	at java.awt.EventQueue$3.run(EventQueue.java:709)
	at java.awt.EventQueue$3.run(EventQueue.java:703)
	at java.security.AccessController.doPrivileged(Native Method)
	at java.security.ProtectionDomain$JavaSecurityAccessImpl.doIntersectionPrivilege(ProtectionDomain.java:76)
	at java.security.ProtectionDomain$JavaSecurityAccessImpl.doIntersectionPrivilege(ProtectionDomain.java:86)
	at java.awt.EventQueue$4.run(EventQueue.java:731)
	at java.awt.EventQueue$4.run(EventQueue.java:729)
	at java.security.AccessController.doPrivileged(Native Method)
	at java.security.ProtectionDomain$JavaSecurityAccessImpl.doIntersectionPrivilege(ProtectionDomain.java:76)
	at java.awt.EventQueue.dispatchEvent(EventQueue.java:728)
	at java.awt.EventDispatchThread.pumpOneEventForFilters(EventDispatchThread.java:201)
	at java.awt.EventDispatchThread.pumpEventsForFilter(EventDispatchThread.java:116)
	at java.awt.EventDispatchThread.pumpEventsForHierarchy(EventDispatchThread.java:105)
	at java.awt.EventDispatchThread.pumpEvents(EventDispatchThread.java:101)
	at java.awt.EventDispatchThread.pumpEvents(EventDispatchThread.java:93)
	at java.awt.EventDispatchThread.run(EventDispatchThread.java:82)
Caused by: java.lang.ClassNotFoundException: net.sf.jasperreports.functions.FunctionsRegistryFactory
	at java.net.URLClassLoader.findClass(URLClassLoader.java:381)
	at java.lang.ClassLoader.loadClass(ClassLoader.java:424)
	at sun.misc.Launcher$AppClassLoader.loadClass(Launcher.java:331)
	at java.lang.ClassLoader.loadClass(ClassLoader.java:357)
	at java.lang.Class.forName0(Native Method)
	at java.lang.Class.forName(Class.java:348)
	at net.sf.jasperreports.engine.util.JRClassLoader.loadClassForRealName(JRClassLoader.java:175)
	at net.sf.jasperreports.engine.util.JRClassLoader.loadClassForName(JRClassLoader.java:115)
	at net.sf.jasperreports.engine.util.ClassUtils.instantiateClass(ClassUtils.java:53)
	... 60 more
[2022-02-12 15:02:54,002]ERROR    67[AWT-EventQueue-0] - net.sf.jasperreports.extensions.DefaultExtensionsRegistry.loadRegistries(DefaultExtensionsRegistry.java:221) - Error instantiating extensions registry for functions from jar:file:/home/sunny/NetBeansProjects/Job-Work-Management-System-master/lib_backup/jasperreports-functions-5.5.2.jar!/jasperreports_extension.properties
net.sf.jasperreports.engine.JRRuntimeException: Could not load class net.sf.jasperreports.functions.FunctionsRegistryFactory
	at net.sf.jasperreports.engine.util.ClassUtils.instantiateClass(ClassUtils.java:63)
	at net.sf.jasperreports.extensions.DefaultExtensionsRegistry.instantiateRegistry(DefaultExtensionsRegistry.java:237)
	at net.sf.jasperreports.extensions.DefaultExtensionsRegistry.loadRegistries(DefaultExtensionsRegistry.java:214)
	at net.sf.jasperreports.extensions.DefaultExtensionsRegistry.loadRegistries(DefaultExtensionsRegistry.java:162)
	at net.sf.jasperreports.extensions.DefaultExtensionsRegistry.getRegistries(DefaultExtensionsRegistry.java:133)
	at net.sf.jasperreports.extensions.DefaultExtensionsRegistry.getExtensions(DefaultExtensionsRegistry.java:105)
	at net.sf.jasperreports.engine.DefaultJasperReportsContext.getExtensions(DefaultJasperReportsContext.java:247)
	at net.sf.jasperreports.engine.component.ComponentsEnvironment.findBundles(ComponentsEnvironment.java:124)
	at net.sf.jasperreports.engine.component.ComponentsEnvironment.findComponentBundles(ComponentsEnvironment.java:200)
	at net.sf.jasperreports.engine.component.ComponentsEnvironment.getCachedBundles(ComponentsEnvironment.java:114)
	at net.sf.jasperreports.engine.component.ComponentsEnvironment.getCachedComponentBundles(ComponentsEnvironment.java:192)
	at net.sf.jasperreports.engine.component.ComponentsEnvironment.getBundles(ComponentsEnvironment.java:102)
	at net.sf.jasperreports.engine.component.ComponentsEnvironment.getComponentBundles(ComponentsEnvironment.java:184)
	at net.sf.jasperreports.engine.xml.JRReportSaxParserFactory.getSchemaLocations(JRReportSaxParserFactory.java:84)
	at net.sf.jasperreports.engine.xml.BaseSaxParserFactory.configureParser(BaseSaxParserFactory.java:131)
	at net.sf.jasperreports.engine.xml.BaseSaxParserFactory.createParser(BaseSaxParserFactory.java:94)
	at net.sf.jasperreports.engine.xml.JRXmlDigesterFactory.createParser(JRXmlDigesterFactory.java:1343)
	at net.sf.jasperreports.engine.xml.JRXmlDigesterFactory.createDigester(JRXmlDigesterFactory.java:1319)
	at net.sf.jasperreports.engine.xml.JRXmlLoader.load(JRXmlLoader.java:207)
	at net.sf.jasperreports.engine.xml.JRXmlLoader.load(JRXmlLoader.java:172)
	at net.sf.jasperreports.engine.xml.JRXmlLoader.load(JRXmlLoader.java:156)
	at job.work.management.system.CreateInvoice.printOptions(CreateInvoice.java:810)
	at job.work.management.system.CreateInvoice.btnPrintInvoiceActionPerformed(CreateInvoice.java:1951)
	at job.work.management.system.CreateInvoice.access$3200(CreateInvoice.java:33)
	at job.work.management.system.CreateInvoice$32.actionPerformed(CreateInvoice.java:1609)
	at javax.swing.AbstractButton.fireActionPerformed(AbstractButton.java:2022)
	at javax.swing.AbstractButton$Handler.actionPerformed(AbstractButton.java:2348)
	at javax.swing.DefaultButtonModel.fireActionPerformed(DefaultButtonModel.java:402)
	at javax.swing.DefaultButtonModel.setPressed(DefaultButtonModel.java:259)
	at javax.swing.plaf.basic.BasicButtonListener.mouseReleased(BasicButtonListener.java:252)
	at java.awt.Component.processMouseEvent(Component.java:6539)
	at javax.swing.JComponent.processMouseEvent(JComponent.java:3324)
	at java.awt.Component.processEvent(Component.java:6304)
	at java.awt.Container.processEvent(Container.java:2239)
	at java.awt.Component.dispatchEventImpl(Component.java:4889)
	at java.awt.Container.dispatchEventImpl(Container.java:2297)
	at java.awt.Component.dispatchEvent(Component.java:4711)
	at java.awt.LightweightDispatcher.retargetMouseEvent(Container.java:4904)
	at java.awt.LightweightDispatcher.processMouseEvent(Container.java:4535)
	at java.awt.LightweightDispatcher.dispatchEvent(Container.java:4476)
	at java.awt.Container.dispatchEventImpl(Container.java:2283)
	at java.awt.Window.dispatchEventImpl(Window.java:2746)
	at java.awt.Component.dispatchEvent(Component.java:4711)
	at java.awt.EventQueue.dispatchEventImpl(EventQueue.java:760)
	at java.awt.EventQueue.access$500(EventQueue.java:97)
	at java.awt.EventQueue$3.run(EventQueue.java:709)
	at java.awt.EventQueue$3.run(EventQueue.java:703)
	at java.security.AccessController.doPrivileged(Native Method)
	at java.security.ProtectionDomain$JavaSecurityAccessImpl.doIntersectionPrivilege(ProtectionDomain.java:74)
	at java.security.ProtectionDomain$JavaSecurityAccessImpl.doIntersectionPrivilege(ProtectionDomain.java:84)
	at java.awt.EventQueue$4.run(EventQueue.java:733)
	at java.awt.EventQueue$4.run(EventQueue.java:731)
	at java.security.AccessController.doPrivileged(Native Method)
	at java.security.ProtectionDomain$JavaSecurityAccessImpl.doIntersectionPrivilege(ProtectionDomain.java:74)
	at java.awt.EventQueue.dispatchEvent(EventQueue.java:730)
	at java.awt.EventDispatchThread.pumpOneEventForFilters(EventDispatchThread.java:205)
	at java.awt.EventDispatchThread.pumpEventsForFilter(EventDispatchThread.java:116)
	at java.awt.EventDispatchThread.pumpEventsForHierarchy(EventDispatchThread.java:105)
	at java.awt.EventDispatchThread.pumpEvents(EventDispatchThread.java:101)
	at java.awt.EventDispatchThread.pumpEvents(EventDispatchThread.java:93)
	at java.awt.EventDispatchThread.run(EventDispatchThread.java:82)
Caused by: java.lang.ClassNotFoundException: net.sf.jasperreports.functions.FunctionsRegistryFactory
	at java.net.URLClassLoader.findClass(URLClassLoader.java:382)
	at java.lang.ClassLoader.loadClass(ClassLoader.java:418)
	at sun.misc.Launcher$AppClassLoader.loadClass(Launcher.java:355)
	at java.lang.ClassLoader.loadClass(ClassLoader.java:351)
	at java.lang.Class.forName0(Native Method)
	at java.lang.Class.forName(Class.java:348)
	at net.sf.jasperreports.engine.util.JRClassLoader.loadClassForRealName(JRClassLoader.java:175)
	at net.sf.jasperreports.engine.util.JRClassLoader.loadClassForName(JRClassLoader.java:115)
	at net.sf.jasperreports.engine.util.ClassUtils.instantiateClass(ClassUtils.java:53)
	... 60 more
[2022-02-12 15:10:34,543]ERROR   132[AWT-EventQueue-0] - net.sf.jasperreports.extensions.DefaultExtensionsRegistry.loadRegistries(DefaultExtensionsRegistry.java:221) - Error instantiating extensions registry for functions from jar:file:/home/sunny/NetBeansProjects/Job-Work-Management-System-master/lib_backup/jasperreports-functions-5.5.2.jar!/jasperreports_extension.properties
net.sf.jasperreports.engine.JRRuntimeException: Could not load class net.sf.jasperreports.functions.FunctionsRegistryFactory
	at net.sf.jasperreports.engine.util.ClassUtils.instantiateClass(ClassUtils.java:63)
	at net.sf.jasperreports.extensions.DefaultExtensionsRegistry.instantiateRegistry(DefaultExtensionsRegistry.java:237)
	at net.sf.jasperreports.extensions.DefaultExtensionsRegistry.loadRegistries(DefaultExtensionsRegistry.java:214)
	at net.sf.jasperreports.extensions.DefaultExtensionsRegistry.loadRegistries(DefaultExtensionsRegistry.java:162)
	at net.sf.jasperreports.extensions.DefaultExtensionsRegistry.getRegistries(DefaultExtensionsRegistry.java:133)
	at net.sf.jasperreports.extensions.DefaultExtensionsRegistry.getExtensions(DefaultExtensionsRegistry.java:105)
	at net.sf.jasperreports.engine.DefaultJasperReportsContext.getExtensions(DefaultJasperReportsContext.java:247)
	at net.sf.jasperreports.engine.component.ComponentsEnvironment.findBundles(ComponentsEnvironment.java:124)
	at net.sf.jasperreports.engine.component.ComponentsEnvironment.findComponentBundles(ComponentsEnvironment.java:200)
	at net.sf.jasperreports.engine.component.ComponentsEnvironment.getCachedBundles(ComponentsEnvironment.java:114)
	at net.sf.jasperreports.engine.component.ComponentsEnvironment.getCachedComponentBundles(ComponentsEnvironment.java:192)
	at net.sf.jasperreports.engine.component.ComponentsEnvironment.getBundles(ComponentsEnvironment.java:102)
	at net.sf.jasperreports.engine.component.ComponentsEnvironment.getComponentBundles(ComponentsEnvironment.java:184)
	at net.sf.jasperreports.engine.xml.JRReportSaxParserFactory.getSchemaLocations(JRReportSaxParserFactory.java:84)
	at net.sf.jasperreports.engine.xml.BaseSaxParserFactory.configureParser(BaseSaxParserFactory.java:131)
	at net.sf.jasperreports.engine.xml.BaseSaxParserFactory.createParser(BaseSaxParserFactory.java:94)
	at net.sf.jasperreports.engine.xml.JRXmlDigesterFactory.createParser(JRXmlDigesterFactory.java:1343)
	at net.sf.jasperreports.engine.xml.JRXmlDigesterFactory.createDigester(JRXmlDigesterFactory.java:1319)
	at net.sf.jasperreports.engine.xml.JRXmlLoader.load(JRXmlLoader.java:207)
	at net.sf.jasperreports.engine.xml.JRXmlLoader.load(JRXmlLoader.java:172)
	at net.sf.jasperreports.engine.xml.JRXmlLoader.load(JRXmlLoader.java:156)
	at job.work.management.system.CreateInvoice.printOptions(CreateInvoice.java:810)
	at job.work.management.system.CreateInvoice.btnPrintInvoiceActionPerformed(CreateInvoice.java:1951)
	at job.work.management.system.CreateInvoice.access$3200(CreateInvoice.java:33)
	at job.work.management.system.CreateInvoice$32.actionPerformed(CreateInvoice.java:1609)
	at javax.swing.AbstractButton.fireActionPerformed(AbstractButton.java:2022)
	at javax.swing.AbstractButton$Handler.actionPerformed(AbstractButton.java:2348)
	at javax.swing.DefaultButtonModel.fireActionPerformed(DefaultButtonModel.java:402)
	at javax.swing.DefaultButtonModel.setPressed(DefaultButtonModel.java:259)
	at javax.swing.plaf.basic.BasicButtonListener.mouseReleased(BasicButtonListener.java:252)
	at java.awt.Component.processMouseEvent(Component.java:6539)
	at javax.swing.JComponent.processMouseEvent(JComponent.java:3324)
	at java.awt.Component.processEvent(Component.java:6304)
	at java.awt.Container.processEvent(Container.java:2239)
	at java.awt.Component.dispatchEventImpl(Component.java:4889)
	at java.awt.Container.dispatchEventImpl(Container.java:2297)
	at java.awt.Component.dispatchEvent(Component.java:4711)
	at java.awt.LightweightDispatcher.retargetMouseEvent(Container.java:4904)
	at java.awt.LightweightDispatcher.processMouseEvent(Container.java:4535)
	at java.awt.LightweightDispatcher.dispatchEvent(Container.java:4476)
	at java.awt.Container.dispatchEventImpl(Container.java:2283)
	at java.awt.Window.dispatchEventImpl(Window.java:2746)
	at java.awt.Component.dispatchEvent(Component.java:4711)
	at java.awt.EventQueue.dispatchEventImpl(EventQueue.java:760)
	at java.awt.EventQueue.access$500(EventQueue.java:97)
	at java.awt.EventQueue$3.run(EventQueue.java:709)
	at java.awt.EventQueue$3.run(EventQueue.java:703)
	at java.security.AccessController.doPrivileged(Native Method)
	at java.security.ProtectionDomain$JavaSecurityAccessImpl.doIntersectionPrivilege(ProtectionDomain.java:74)
	at java.security.ProtectionDomain$JavaSecurityAccessImpl.doIntersectionPrivilege(ProtectionDomain.java:84)
	at java.awt.EventQueue$4.run(EventQueue.java:733)
	at java.awt.EventQueue$4.run(EventQueue.java:731)
	at java.security.AccessController.doPrivileged(Native Method)
	at java.security.ProtectionDomain$JavaSecurityAccessImpl.doIntersectionPrivilege(ProtectionDomain.java:74)
	at java.awt.EventQueue.dispatchEvent(EventQueue.java:730)
	at java.awt.EventDispatchThread.pumpOneEventForFilters(EventDispatchThread.java:205)
	at java.awt.EventDispatchThread.pumpEventsForFilter(EventDispatchThread.java:116)
	at java.awt.EventDispatchThread.pumpEventsForHierarchy(EventDispatchThread.java:105)
	at java.awt.EventDispatchThread.pumpEvents(EventDispatchThread.java:101)
	at java.awt.EventDispatchThread.pumpEvents(EventDispatchThread.java:93)
	at java.awt.EventDispatchThread.run(EventDispatchThread.java:82)
Caused by: java.lang.ClassNotFoundException: net.sf.jasperreports.functions.FunctionsRegistryFactory
	at java.net.URLClassLoader.findClass(URLClassLoader.java:382)
	at java.lang.ClassLoader.loadClass(ClassLoader.java:418)
	at sun.misc.Launcher$AppClassLoader.loadClass(Launcher.java:355)
	at java.lang.ClassLoader.loadClass(ClassLoader.java:351)
	at java.lang.Class.forName0(Native Method)
	at java.lang.Class.forName(Class.java:348)
	at net.sf.jasperreports.engine.util.JRClassLoader.loadClassForRealName(JRClassLoader.java:175)
	at net.sf.jasperreports.engine.util.JRClassLoader.loadClassForName(JRClassLoader.java:115)
	at net.sf.jasperreports.engine.util.ClassUtils.instantiateClass(ClassUtils.java:53)
	... 60 more
[2022-02-12 15:16:26,746]ERROR   107[AWT-EventQueue-0] - net.sf.jasperreports.extensions.DefaultExtensionsRegistry.loadRegistries(DefaultExtensionsRegistry.java:221) - Error instantiating extensions registry for functions from jar:file:/home/sunny/NetBeansProjects/Job-Work-Management-System-master/lib_backup/jasperreports-functions-5.5.2.jar!/jasperreports_extension.properties
net.sf.jasperreports.engine.JRRuntimeException: Could not load class net.sf.jasperreports.functions.FunctionsRegistryFactory
	at net.sf.jasperreports.engine.util.ClassUtils.instantiateClass(ClassUtils.java:63)
	at net.sf.jasperreports.extensions.DefaultExtensionsRegistry.instantiateRegistry(DefaultExtensionsRegistry.java:237)
	at net.sf.jasperreports.extensions.DefaultExtensionsRegistry.loadRegistries(DefaultExtensionsRegistry.java:214)
	at net.sf.jasperreports.extensions.DefaultExtensionsRegistry.loadRegistries(DefaultExtensionsRegistry.java:162)
	at net.sf.jasperreports.extensions.DefaultExtensionsRegistry.getRegistries(DefaultExtensionsRegistry.java:133)
	at net.sf.jasperreports.extensions.DefaultExtensionsRegistry.getExtensions(DefaultExtensionsRegistry.java:105)
	at net.sf.jasperreports.engine.DefaultJasperReportsContext.getExtensions(DefaultJasperReportsContext.java:247)
	at net.sf.jasperreports.engine.component.ComponentsEnvironment.findBundles(ComponentsEnvironment.java:124)
	at net.sf.jasperreports.engine.component.ComponentsEnvironment.findComponentBundles(ComponentsEnvironment.java:200)
	at net.sf.jasperreports.engine.component.ComponentsEnvironment.getCachedBundles(ComponentsEnvironment.java:114)
	at net.sf.jasperreports.engine.component.ComponentsEnvironment.getCachedComponentBundles(ComponentsEnvironment.java:192)
	at net.sf.jasperreports.engine.component.ComponentsEnvironment.getBundles(ComponentsEnvironment.java:102)
	at net.sf.jasperreports.engine.component.ComponentsEnvironment.getComponentBundles(ComponentsEnvironment.java:184)
	at net.sf.jasperreports.engine.xml.JRReportSaxParserFactory.getSchemaLocations(JRReportSaxParserFactory.java:84)
	at net.sf.jasperreports.engine.xml.BaseSaxParserFactory.configureParser(BaseSaxParserFactory.java:131)
	at net.sf.jasperreports.engine.xml.BaseSaxParserFactory.createParser(BaseSaxParserFactory.java:94)
	at net.sf.jasperreports.engine.xml.JRXmlDigesterFactory.createParser(JRXmlDigesterFactory.java:1343)
	at net.sf.jasperreports.engine.xml.JRXmlDigesterFactory.createDigester(JRXmlDigesterFactory.java:1319)
	at net.sf.jasperreports.engine.xml.JRXmlLoader.load(JRXmlLoader.java:207)
	at net.sf.jasperreports.engine.xml.JRXmlLoader.load(JRXmlLoader.java:172)
	at net.sf.jasperreports.engine.xml.JRXmlLoader.load(JRXmlLoader.java:156)
	at job.work.management.system.CreateInvoice.printOptions(CreateInvoice.java:810)
	at job.work.management.system.CreateInvoice.btnPrintInvoiceActionPerformed(CreateInvoice.java:1951)
	at job.work.management.system.CreateInvoice.access$3200(CreateInvoice.java:33)
	at job.work.management.system.CreateInvoice$32.actionPerformed(CreateInvoice.java:1609)
	at javax.swing.AbstractButton.fireActionPerformed(AbstractButton.java:2022)
	at javax.swing.AbstractButton$Handler.actionPerformed(AbstractButton.java:2348)
	at javax.swing.DefaultButtonModel.fireActionPerformed(DefaultButtonModel.java:402)
	at javax.swing.DefaultButtonModel.setPressed(DefaultButtonModel.java:259)
	at javax.swing.plaf.basic.BasicButtonListener.mouseReleased(BasicButtonListener.java:252)
	at java.awt.Component.processMouseEvent(Component.java:6539)
	at javax.swing.JComponent.processMouseEvent(JComponent.java:3324)
	at java.awt.Component.processEvent(Component.java:6304)
	at java.awt.Container.processEvent(Container.java:2239)
	at java.awt.Component.dispatchEventImpl(Component.java:4889)
	at java.awt.Container.dispatchEventImpl(Container.java:2297)
	at java.awt.Component.dispatchEvent(Component.java:4711)
	at java.awt.LightweightDispatcher.retargetMouseEvent(Container.java:4904)
	at java.awt.LightweightDispatcher.processMouseEvent(Container.java:4535)
	at java.awt.LightweightDispatcher.dispatchEvent(Container.java:4476)
	at java.awt.Container.dispatchEventImpl(Container.java:2283)
	at java.awt.Window.dispatchEventImpl(Window.java:2746)
	at java.awt.Component.dispatchEvent(Component.java:4711)
	at java.awt.EventQueue.dispatchEventImpl(EventQueue.java:760)
	at java.awt.EventQueue.access$500(EventQueue.java:97)
	at java.awt.EventQueue$3.run(EventQueue.java:709)
	at java.awt.EventQueue$3.run(EventQueue.java:703)
	at java.security.AccessController.doPrivileged(Native Method)
	at java.security.ProtectionDomain$JavaSecurityAccessImpl.doIntersectionPrivilege(ProtectionDomain.java:74)
	at java.security.ProtectionDomain$JavaSecurityAccessImpl.doIntersectionPrivilege(ProtectionDomain.java:84)
	at java.awt.EventQueue$4.run(EventQueue.java:733)
	at java.awt.EventQueue$4.run(EventQueue.java:731)
	at java.security.AccessController.doPrivileged(Native Method)
	at java.security.ProtectionDomain$JavaSecurityAccessImpl.doIntersectionPrivilege(ProtectionDomain.java:74)
	at java.awt.EventQueue.dispatchEvent(EventQueue.java:730)
	at java.awt.EventDispatchThread.pumpOneEventForFilters(EventDispatchThread.java:205)
	at java.awt.EventDispatchThread.pumpEventsForFilter(EventDispatchThread.java:116)
	at java.awt.EventDispatchThread.pumpEventsForHierarchy(EventDispatchThread.java:105)
	at java.awt.EventDispatchThread.pumpEvents(EventDispatchThread.java:101)
	at java.awt.EventDispatchThread.pumpEvents(EventDispatchThread.java:93)
	at java.awt.EventDispatchThread.run(EventDispatchThread.java:82)
Caused by: java.lang.ClassNotFoundException: net.sf.jasperreports.functions.FunctionsRegistryFactory
	at java.net.URLClassLoader.findClass(URLClassLoader.java:382)
	at java.lang.ClassLoader.loadClass(ClassLoader.java:418)
	at sun.misc.Launcher$AppClassLoader.loadClass(Launcher.java:355)
	at java.lang.ClassLoader.loadClass(ClassLoader.java:351)
	at java.lang.Class.forName0(Native Method)
	at java.lang.Class.forName(Class.java:348)
	at net.sf.jasperreports.engine.util.JRClassLoader.loadClassForRealName(JRClassLoader.java:175)
	at net.sf.jasperreports.engine.util.JRClassLoader.loadClassForName(JRClassLoader.java:115)
	at net.sf.jasperreports.engine.util.ClassUtils.instantiateClass(ClassUtils.java:53)
	... 60 more
[2022-02-12 15:21:00,796]ERROR    62[AWT-EventQueue-0] - net.sf.jasperreports.extensions.DefaultExtensionsRegistry.loadRegistries(DefaultExtensionsRegistry.java:221) - Error instantiating extensions registry for functions from jar:file:/home/sunny/NetBeansProjects/Job-Work-Management-System-master/lib_backup/jasperreports-functions-5.5.2.jar!/jasperreports_extension.properties
net.sf.jasperreports.engine.JRRuntimeException: Could not load class net.sf.jasperreports.functions.FunctionsRegistryFactory
	at net.sf.jasperreports.engine.util.ClassUtils.instantiateClass(ClassUtils.java:63)
	at net.sf.jasperreports.extensions.DefaultExtensionsRegistry.instantiateRegistry(DefaultExtensionsRegistry.java:237)
	at net.sf.jasperreports.extensions.DefaultExtensionsRegistry.loadRegistries(DefaultExtensionsRegistry.java:214)
	at net.sf.jasperreports.extensions.DefaultExtensionsRegistry.loadRegistries(DefaultExtensionsRegistry.java:162)
	at net.sf.jasperreports.extensions.DefaultExtensionsRegistry.getRegistries(DefaultExtensionsRegistry.java:133)
	at net.sf.jasperreports.extensions.DefaultExtensionsRegistry.getExtensions(DefaultExtensionsRegistry.java:105)
	at net.sf.jasperreports.engine.DefaultJasperReportsContext.getExtensions(DefaultJasperReportsContext.java:247)
	at net.sf.jasperreports.engine.component.ComponentsEnvironment.findBundles(ComponentsEnvironment.java:124)
	at net.sf.jasperreports.engine.component.ComponentsEnvironment.findComponentBundles(ComponentsEnvironment.java:200)
	at net.sf.jasperreports.engine.component.ComponentsEnvironment.getCachedBundles(ComponentsEnvironment.java:114)
	at net.sf.jasperreports.engine.component.ComponentsEnvironment.getCachedComponentBundles(ComponentsEnvironment.java:192)
	at net.sf.jasperreports.engine.component.ComponentsEnvironment.getBundles(ComponentsEnvironment.java:102)
	at net.sf.jasperreports.engine.component.ComponentsEnvironment.getComponentBundles(ComponentsEnvironment.java:184)
	at net.sf.jasperreports.engine.xml.JRReportSaxParserFactory.getSchemaLocations(JRReportSaxParserFactory.java:84)
	at net.sf.jasperreports.engine.xml.BaseSaxParserFactory.configureParser(BaseSaxParserFactory.java:131)
	at net.sf.jasperreports.engine.xml.BaseSaxParserFactory.createParser(BaseSaxParserFactory.java:94)
	at net.sf.jasperreports.engine.xml.JRXmlDigesterFactory.createParser(JRXmlDigesterFactory.java:1343)
	at net.sf.jasperreports.engine.xml.JRXmlDigesterFactory.createDigester(JRXmlDigesterFactory.java:1319)
	at net.sf.jasperreports.engine.xml.JRXmlLoader.load(JRXmlLoader.java:207)
	at net.sf.jasperreports.engine.xml.JRXmlLoader.load(JRXmlLoader.java:172)
	at net.sf.jasperreports.engine.xml.JRXmlLoader.load(JRXmlLoader.java:156)
	at job.work.management.system.CreateInvoice.printOptions(CreateInvoice.java:825)
	at job.work.management.system.CreateInvoice.btnPrintInvoiceActionPerformed(CreateInvoice.java:1951)
	at job.work.management.system.CreateInvoice.access$3200(CreateInvoice.java:33)
	at job.work.management.system.CreateInvoice$32.actionPerformed(CreateInvoice.java:1609)
	at javax.swing.AbstractButton.fireActionPerformed(AbstractButton.java:2022)
	at javax.swing.AbstractButton$Handler.actionPerformed(AbstractButton.java:2348)
	at javax.swing.DefaultButtonModel.fireActionPerformed(DefaultButtonModel.java:402)
	at javax.swing.DefaultButtonModel.setPressed(DefaultButtonModel.java:259)
	at javax.swing.plaf.basic.BasicButtonListener.mouseReleased(BasicButtonListener.java:252)
	at java.awt.Component.processMouseEvent(Component.java:6539)
	at javax.swing.JComponent.processMouseEvent(JComponent.java:3324)
	at java.awt.Component.processEvent(Component.java:6304)
	at java.awt.Container.processEvent(Container.java:2239)
	at java.awt.Component.dispatchEventImpl(Component.java:4889)
	at java.awt.Container.dispatchEventImpl(Container.java:2297)
	at java.awt.Component.dispatchEvent(Component.java:4711)
	at java.awt.LightweightDispatcher.retargetMouseEvent(Container.java:4904)
	at java.awt.LightweightDispatcher.processMouseEvent(Container.java:4535)
	at java.awt.LightweightDispatcher.dispatchEvent(Container.java:4476)
	at java.awt.Container.dispatchEventImpl(Container.java:2283)
	at java.awt.Window.dispatchEventImpl(Window.java:2746)
	at java.awt.Component.dispatchEvent(Component.java:4711)
	at java.awt.EventQueue.dispatchEventImpl(EventQueue.java:760)
	at java.awt.EventQueue.access$500(EventQueue.java:97)
	at java.awt.EventQueue$3.run(EventQueue.java:709)
	at java.awt.EventQueue$3.run(EventQueue.java:703)
	at java.security.AccessController.doPrivileged(Native Method)
	at java.security.ProtectionDomain$JavaSecurityAccessImpl.doIntersectionPrivilege(ProtectionDomain.java:74)
	at java.security.ProtectionDomain$JavaSecurityAccessImpl.doIntersectionPrivilege(ProtectionDomain.java:84)
	at java.awt.EventQueue$4.run(EventQueue.java:733)
	at java.awt.EventQueue$4.run(EventQueue.java:731)
	at java.security.AccessController.doPrivileged(Native Method)
	at java.security.ProtectionDomain$JavaSecurityAccessImpl.doIntersectionPrivilege(ProtectionDomain.java:74)
	at java.awt.EventQueue.dispatchEvent(EventQueue.java:730)
	at java.awt.EventDispatchThread.pumpOneEventForFilters(EventDispatchThread.java:205)
	at java.awt.EventDispatchThread.pumpEventsForFilter(EventDispatchThread.java:116)
	at java.awt.EventDispatchThread.pumpEventsForHierarchy(EventDispatchThread.java:105)
	at java.awt.EventDispatchThread.pumpEvents(EventDispatchThread.java:101)
	at java.awt.EventDispatchThread.pumpEvents(EventDispatchThread.java:93)
	at java.awt.EventDispatchThread.run(EventDispatchThread.java:82)
Caused by: java.lang.ClassNotFoundException: net.sf.jasperreports.functions.FunctionsRegistryFactory
	at java.net.URLClassLoader.findClass(URLClassLoader.java:382)
	at java.lang.ClassLoader.loadClass(ClassLoader.java:418)
	at sun.misc.Launcher$AppClassLoader.loadClass(Launcher.java:355)
	at java.lang.ClassLoader.loadClass(ClassLoader.java:351)
	at java.lang.Class.forName0(Native Method)
	at java.lang.Class.forName(Class.java:348)
	at net.sf.jasperreports.engine.util.JRClassLoader.loadClassForRealName(JRClassLoader.java:175)
	at net.sf.jasperreports.engine.util.JRClassLoader.loadClassForName(JRClassLoader.java:115)
	at net.sf.jasperreports.engine.util.ClassUtils.instantiateClass(ClassUtils.java:53)
	... 60 more
[2022-02-12 15:28:35,324]ERROR    61[AWT-EventQueue-0] - net.sf.jasperreports.extensions.DefaultExtensionsRegistry.loadRegistries(DefaultExtensionsRegistry.java:221) - Error instantiating extensions registry for functions from jar:file:/home/sunny/NetBeansProjects/Job-Work-Management-System-master/lib_backup/jasperreports-functions-5.5.2.jar!/jasperreports_extension.properties
net.sf.jasperreports.engine.JRRuntimeException: Could not load class net.sf.jasperreports.functions.FunctionsRegistryFactory
	at net.sf.jasperreports.engine.util.ClassUtils.instantiateClass(ClassUtils.java:63)
	at net.sf.jasperreports.extensions.DefaultExtensionsRegistry.instantiateRegistry(DefaultExtensionsRegistry.java:237)
	at net.sf.jasperreports.extensions.DefaultExtensionsRegistry.loadRegistries(DefaultExtensionsRegistry.java:214)
	at net.sf.jasperreports.extensions.DefaultExtensionsRegistry.loadRegistries(DefaultExtensionsRegistry.java:162)
	at net.sf.jasperreports.extensions.DefaultExtensionsRegistry.getRegistries(DefaultExtensionsRegistry.java:133)
	at net.sf.jasperreports.extensions.DefaultExtensionsRegistry.getExtensions(DefaultExtensionsRegistry.java:105)
	at net.sf.jasperreports.engine.DefaultJasperReportsContext.getExtensions(DefaultJasperReportsContext.java:247)
	at net.sf.jasperreports.engine.component.ComponentsEnvironment.findBundles(ComponentsEnvironment.java:124)
	at net.sf.jasperreports.engine.component.ComponentsEnvironment.findComponentBundles(ComponentsEnvironment.java:200)
	at net.sf.jasperreports.engine.component.ComponentsEnvironment.getCachedBundles(ComponentsEnvironment.java:114)
	at net.sf.jasperreports.engine.component.ComponentsEnvironment.getCachedComponentBundles(ComponentsEnvironment.java:192)
	at net.sf.jasperreports.engine.component.ComponentsEnvironment.getBundles(ComponentsEnvironment.java:102)
	at net.sf.jasperreports.engine.component.ComponentsEnvironment.getComponentBundles(ComponentsEnvironment.java:184)
	at net.sf.jasperreports.engine.xml.JRReportSaxParserFactory.getSchemaLocations(JRReportSaxParserFactory.java:84)
	at net.sf.jasperreports.engine.xml.BaseSaxParserFactory.configureParser(BaseSaxParserFactory.java:131)
	at net.sf.jasperreports.engine.xml.BaseSaxParserFactory.createParser(BaseSaxParserFactory.java:94)
	at net.sf.jasperreports.engine.xml.JRXmlDigesterFactory.createParser(JRXmlDigesterFactory.java:1343)
	at net.sf.jasperreports.engine.xml.JRXmlDigesterFactory.createDigester(JRXmlDigesterFactory.java:1319)
	at net.sf.jasperreports.engine.xml.JRXmlLoader.load(JRXmlLoader.java:207)
	at net.sf.jasperreports.engine.xml.JRXmlLoader.load(JRXmlLoader.java:172)
	at net.sf.jasperreports.engine.xml.JRXmlLoader.load(JRXmlLoader.java:156)
	at job.work.management.system.CreateInvoice.printOptions(CreateInvoice.java:810)
	at job.work.management.system.CreateInvoice.btnPrintInvoiceActionPerformed(CreateInvoice.java:1951)
	at job.work.management.system.CreateInvoice.access$3200(CreateInvoice.java:33)
	at job.work.management.system.CreateInvoice$32.actionPerformed(CreateInvoice.java:1609)
	at javax.swing.AbstractButton.fireActionPerformed(AbstractButton.java:2022)
	at javax.swing.AbstractButton$Handler.actionPerformed(AbstractButton.java:2348)
	at javax.swing.DefaultButtonModel.fireActionPerformed(DefaultButtonModel.java:402)
	at javax.swing.DefaultButtonModel.setPressed(DefaultButtonModel.java:259)
	at javax.swing.plaf.basic.BasicButtonListener.mouseReleased(BasicButtonListener.java:252)
	at java.awt.Component.processMouseEvent(Component.java:6539)
	at javax.swing.JComponent.processMouseEvent(JComponent.java:3324)
	at java.awt.Component.processEvent(Component.java:6304)
	at java.awt.Container.processEvent(Container.java:2239)
	at java.awt.Component.dispatchEventImpl(Component.java:4889)
	at java.awt.Container.dispatchEventImpl(Container.java:2297)
	at java.awt.Component.dispatchEvent(Component.java:4711)
	at java.awt.LightweightDispatcher.retargetMouseEvent(Container.java:4904)
	at java.awt.LightweightDispatcher.processMouseEvent(Container.java:4535)
	at java.awt.LightweightDispatcher.dispatchEvent(Container.java:4476)
	at java.awt.Container.dispatchEventImpl(Container.java:2283)
	at java.awt.Window.dispatchEventImpl(Window.java:2746)
	at java.awt.Component.dispatchEvent(Component.java:4711)
	at java.awt.EventQueue.dispatchEventImpl(EventQueue.java:760)
	at java.awt.EventQueue.access$500(EventQueue.java:97)
	at java.awt.EventQueue$3.run(EventQueue.java:709)
	at java.awt.EventQueue$3.run(EventQueue.java:703)
	at java.security.AccessController.doPrivileged(Native Method)
	at java.security.ProtectionDomain$JavaSecurityAccessImpl.doIntersectionPrivilege(ProtectionDomain.java:74)
	at java.security.ProtectionDomain$JavaSecurityAccessImpl.doIntersectionPrivilege(ProtectionDomain.java:84)
	at java.awt.EventQueue$4.run(EventQueue.java:733)
	at java.awt.EventQueue$4.run(EventQueue.java:731)
	at java.security.AccessController.doPrivileged(Native Method)
	at java.security.ProtectionDomain$JavaSecurityAccessImpl.doIntersectionPrivilege(ProtectionDomain.java:74)
	at java.awt.EventQueue.dispatchEvent(EventQueue.java:730)
	at java.awt.EventDispatchThread.pumpOneEventForFilters(EventDispatchThread.java:205)
	at java.awt.EventDispatchThread.pumpEventsForFilter(EventDispatchThread.java:116)
	at java.awt.EventDispatchThread.pumpEventsForHierarchy(EventDispatchThread.java:105)
	at java.awt.EventDispatchThread.pumpEvents(EventDispatchThread.java:101)
	at java.awt.EventDispatchThread.pumpEvents(EventDispatchThread.java:93)
	at java.awt.EventDispatchThread.run(EventDispatchThread.java:82)
Caused by: java.lang.ClassNotFoundException: net.sf.jasperreports.functions.FunctionsRegistryFactory
	at java.net.URLClassLoader.findClass(URLClassLoader.java:382)
	at java.lang.ClassLoader.loadClass(ClassLoader.java:418)
	at sun.misc.Launcher$AppClassLoader.loadClass(Launcher.java:355)
	at java.lang.ClassLoader.loadClass(ClassLoader.java:351)
	at java.lang.Class.forName0(Native Method)
	at java.lang.Class.forName(Class.java:348)
	at net.sf.jasperreports.engine.util.JRClassLoader.loadClassForRealName(JRClassLoader.java:175)
	at net.sf.jasperreports.engine.util.JRClassLoader.loadClassForName(JRClassLoader.java:115)
	at net.sf.jasperreports.engine.util.ClassUtils.instantiateClass(ClassUtils.java:53)
	... 60 more
[2022-02-12 15:42:20,483]ERROR   103[AWT-EventQueue-0] - net.sf.jasperreports.extensions.DefaultExtensionsRegistry.loadRegistries(DefaultExtensionsRegistry.java:221) - Error instantiating extensions registry for functions from jar:file:/home/sunny/NetBeansProjects/Job-Work-Management-System-master/lib_backup/jasperreports-functions-5.5.2.jar!/jasperreports_extension.properties
net.sf.jasperreports.engine.JRRuntimeException: Could not load class net.sf.jasperreports.functions.FunctionsRegistryFactory
	at net.sf.jasperreports.engine.util.ClassUtils.instantiateClass(ClassUtils.java:63)
	at net.sf.jasperreports.extensions.DefaultExtensionsRegistry.instantiateRegistry(DefaultExtensionsRegistry.java:237)
	at net.sf.jasperreports.extensions.DefaultExtensionsRegistry.loadRegistries(DefaultExtensionsRegistry.java:214)
	at net.sf.jasperreports.extensions.DefaultExtensionsRegistry.loadRegistries(DefaultExtensionsRegistry.java:162)
	at net.sf.jasperreports.extensions.DefaultExtensionsRegistry.getRegistries(DefaultExtensionsRegistry.java:133)
	at net.sf.jasperreports.extensions.DefaultExtensionsRegistry.getExtensions(DefaultExtensionsRegistry.java:105)
	at net.sf.jasperreports.engine.DefaultJasperReportsContext.getExtensions(DefaultJasperReportsContext.java:247)
	at net.sf.jasperreports.engine.component.ComponentsEnvironment.findBundles(ComponentsEnvironment.java:124)
	at net.sf.jasperreports.engine.component.ComponentsEnvironment.findComponentBundles(ComponentsEnvironment.java:200)
	at net.sf.jasperreports.engine.component.ComponentsEnvironment.getCachedBundles(ComponentsEnvironment.java:114)
	at net.sf.jasperreports.engine.component.ComponentsEnvironment.getCachedComponentBundles(ComponentsEnvironment.java:192)
	at net.sf.jasperreports.engine.component.ComponentsEnvironment.getBundles(ComponentsEnvironment.java:102)
	at net.sf.jasperreports.engine.component.ComponentsEnvironment.getComponentBundles(ComponentsEnvironment.java:184)
	at net.sf.jasperreports.engine.xml.JRReportSaxParserFactory.getSchemaLocations(JRReportSaxParserFactory.java:84)
	at net.sf.jasperreports.engine.xml.BaseSaxParserFactory.configureParser(BaseSaxParserFactory.java:131)
	at net.sf.jasperreports.engine.xml.BaseSaxParserFactory.createParser(BaseSaxParserFactory.java:94)
	at net.sf.jasperreports.engine.xml.JRXmlDigesterFactory.createParser(JRXmlDigesterFactory.java:1343)
	at net.sf.jasperreports.engine.xml.JRXmlDigesterFactory.createDigester(JRXmlDigesterFactory.java:1319)
	at net.sf.jasperreports.engine.xml.JRXmlLoader.load(JRXmlLoader.java:207)
	at net.sf.jasperreports.engine.xml.JRXmlLoader.load(JRXmlLoader.java:172)
	at net.sf.jasperreports.engine.xml.JRXmlLoader.load(JRXmlLoader.java:156)
	at job.work.management.system.CreateInvoice.printOptions(CreateInvoice.java:810)
	at job.work.management.system.CreateInvoice.btnPrintInvoiceActionPerformed(CreateInvoice.java:1951)
	at job.work.management.system.CreateInvoice.access$3200(CreateInvoice.java:33)
	at job.work.management.system.CreateInvoice$32.actionPerformed(CreateInvoice.java:1609)
	at javax.swing.AbstractButton.fireActionPerformed(AbstractButton.java:2022)
	at javax.swing.AbstractButton$Handler.actionPerformed(AbstractButton.java:2348)
	at javax.swing.DefaultButtonModel.fireActionPerformed(DefaultButtonModel.java:402)
	at javax.swing.DefaultButtonModel.setPressed(DefaultButtonModel.java:259)
	at javax.swing.plaf.basic.BasicButtonListener.mouseReleased(BasicButtonListener.java:252)
	at java.awt.Component.processMouseEvent(Component.java:6539)
	at javax.swing.JComponent.processMouseEvent(JComponent.java:3324)
	at java.awt.Component.processEvent(Component.java:6304)
	at java.awt.Container.processEvent(Container.java:2239)
	at java.awt.Component.dispatchEventImpl(Component.java:4889)
	at java.awt.Container.dispatchEventImpl(Container.java:2297)
	at java.awt.Component.dispatchEvent(Component.java:4711)
	at java.awt.LightweightDispatcher.retargetMouseEvent(Container.java:4904)
	at java.awt.LightweightDispatcher.processMouseEvent(Container.java:4535)
	at java.awt.LightweightDispatcher.dispatchEvent(Container.java:4476)
	at java.awt.Container.dispatchEventImpl(Container.java:2283)
	at java.awt.Window.dispatchEventImpl(Window.java:2746)
	at java.awt.Component.dispatchEvent(Component.java:4711)
	at java.awt.EventQueue.dispatchEventImpl(EventQueue.java:760)
	at java.awt.EventQueue.access$500(EventQueue.java:97)
	at java.awt.EventQueue$3.run(EventQueue.java:709)
	at java.awt.EventQueue$3.run(EventQueue.java:703)
	at java.security.AccessController.doPrivileged(Native Method)
	at java.security.ProtectionDomain$JavaSecurityAccessImpl.doIntersectionPrivilege(ProtectionDomain.java:74)
	at java.security.ProtectionDomain$JavaSecurityAccessImpl.doIntersectionPrivilege(ProtectionDomain.java:84)
	at java.awt.EventQueue$4.run(EventQueue.java:733)
	at java.awt.EventQueue$4.run(EventQueue.java:731)
	at java.security.AccessController.doPrivileged(Native Method)
	at java.security.ProtectionDomain$JavaSecurityAccessImpl.doIntersectionPrivilege(ProtectionDomain.java:74)
	at java.awt.EventQueue.dispatchEvent(EventQueue.java:730)
	at java.awt.EventDispatchThread.pumpOneEventForFilters(EventDispatchThread.java:205)
	at java.awt.EventDispatchThread.pumpEventsForFilter(EventDispatchThread.java:116)
	at java.awt.EventDispatchThread.pumpEventsForHierarchy(EventDispatchThread.java:105)
	at java.awt.EventDispatchThread.pumpEvents(EventDispatchThread.java:101)
	at java.awt.EventDispatchThread.pumpEvents(EventDispatchThread.java:93)
	at java.awt.EventDispatchThread.run(EventDispatchThread.java:82)
Caused by: java.lang.ClassNotFoundException: net.sf.jasperreports.functions.FunctionsRegistryFactory
	at java.net.URLClassLoader.findClass(URLClassLoader.java:382)
	at java.lang.ClassLoader.loadClass(ClassLoader.java:418)
	at sun.misc.Launcher$AppClassLoader.loadClass(Launcher.java:355)
	at java.lang.ClassLoader.loadClass(ClassLoader.java:351)
	at java.lang.Class.forName0(Native Method)
	at java.lang.Class.forName(Class.java:348)
	at net.sf.jasperreports.engine.util.JRClassLoader.loadClassForRealName(JRClassLoader.java:175)
	at net.sf.jasperreports.engine.util.JRClassLoader.loadClassForName(JRClassLoader.java:115)
	at net.sf.jasperreports.engine.util.ClassUtils.instantiateClass(ClassUtils.java:53)
	... 60 more
[2022-02-12 15:44:34,250]ERROR    61[AWT-EventQueue-0] - net.sf.jasperreports.extensions.DefaultExtensionsRegistry.loadRegistries(DefaultExtensionsRegistry.java:221) - Error instantiating extensions registry for functions from jar:file:/home/sunny/NetBeansProjects/Job-Work-Management-System-master/lib_backup/jasperreports-functions-5.5.2.jar!/jasperreports_extension.properties
net.sf.jasperreports.engine.JRRuntimeException: Could not load class net.sf.jasperreports.functions.FunctionsRegistryFactory
	at net.sf.jasperreports.engine.util.ClassUtils.instantiateClass(ClassUtils.java:63)
	at net.sf.jasperreports.extensions.DefaultExtensionsRegistry.instantiateRegistry(DefaultExtensionsRegistry.java:237)
	at net.sf.jasperreports.extensions.DefaultExtensionsRegistry.loadRegistries(DefaultExtensionsRegistry.java:214)
	at net.sf.jasperreports.extensions.DefaultExtensionsRegistry.loadRegistries(DefaultExtensionsRegistry.java:162)
	at net.sf.jasperreports.extensions.DefaultExtensionsRegistry.getRegistries(DefaultExtensionsRegistry.java:133)
	at net.sf.jasperreports.extensions.DefaultExtensionsRegistry.getExtensions(DefaultExtensionsRegistry.java:105)
	at net.sf.jasperreports.engine.DefaultJasperReportsContext.getExtensions(DefaultJasperReportsContext.java:247)
	at net.sf.jasperreports.engine.component.ComponentsEnvironment.findBundles(ComponentsEnvironment.java:124)
	at net.sf.jasperreports.engine.component.ComponentsEnvironment.findComponentBundles(ComponentsEnvironment.java:200)
	at net.sf.jasperreports.engine.component.ComponentsEnvironment.getCachedBundles(ComponentsEnvironment.java:114)
	at net.sf.jasperreports.engine.component.ComponentsEnvironment.getCachedComponentBundles(ComponentsEnvironment.java:192)
	at net.sf.jasperreports.engine.component.ComponentsEnvironment.getBundles(ComponentsEnvironment.java:102)
	at net.sf.jasperreports.engine.component.ComponentsEnvironment.getComponentBundles(ComponentsEnvironment.java:184)
	at net.sf.jasperreports.engine.xml.JRReportSaxParserFactory.getSchemaLocations(JRReportSaxParserFactory.java:84)
	at net.sf.jasperreports.engine.xml.BaseSaxParserFactory.configureParser(BaseSaxParserFactory.java:131)
	at net.sf.jasperreports.engine.xml.BaseSaxParserFactory.createParser(BaseSaxParserFactory.java:94)
	at net.sf.jasperreports.engine.xml.JRXmlDigesterFactory.createParser(JRXmlDigesterFactory.java:1343)
	at net.sf.jasperreports.engine.xml.JRXmlDigesterFactory.createDigester(JRXmlDigesterFactory.java:1319)
	at net.sf.jasperreports.engine.xml.JRXmlLoader.load(JRXmlLoader.java:207)
	at net.sf.jasperreports.engine.xml.JRXmlLoader.load(JRXmlLoader.java:172)
	at net.sf.jasperreports.engine.xml.JRXmlLoader.load(JRXmlLoader.java:156)
	at job.work.management.system.CreateInvoice.printOptions(CreateInvoice.java:825)
	at job.work.management.system.CreateInvoice.btnPrintInvoiceActionPerformed(CreateInvoice.java:1951)
	at job.work.management.system.CreateInvoice.access$3200(CreateInvoice.java:33)
	at job.work.management.system.CreateInvoice$32.actionPerformed(CreateInvoice.java:1609)
	at javax.swing.AbstractButton.fireActionPerformed(AbstractButton.java:2022)
	at javax.swing.AbstractButton$Handler.actionPerformed(AbstractButton.java:2348)
	at javax.swing.DefaultButtonModel.fireActionPerformed(DefaultButtonModel.java:402)
	at javax.swing.DefaultButtonModel.setPressed(DefaultButtonModel.java:259)
	at javax.swing.plaf.basic.BasicButtonListener.mouseReleased(BasicButtonListener.java:252)
	at java.awt.Component.processMouseEvent(Component.java:6539)
	at javax.swing.JComponent.processMouseEvent(JComponent.java:3324)
	at java.awt.Component.processEvent(Component.java:6304)
	at java.awt.Container.processEvent(Container.java:2239)
	at java.awt.Component.dispatchEventImpl(Component.java:4889)
	at java.awt.Container.dispatchEventImpl(Container.java:2297)
	at java.awt.Component.dispatchEvent(Component.java:4711)
	at java.awt.LightweightDispatcher.retargetMouseEvent(Container.java:4904)
	at java.awt.LightweightDispatcher.processMouseEvent(Container.java:4535)
	at java.awt.LightweightDispatcher.dispatchEvent(Container.java:4476)
	at java.awt.Container.dispatchEventImpl(Container.java:2283)
	at java.awt.Window.dispatchEventImpl(Window.java:2746)
	at java.awt.Component.dispatchEvent(Component.java:4711)
	at java.awt.EventQueue.dispatchEventImpl(EventQueue.java:760)
	at java.awt.EventQueue.access$500(EventQueue.java:97)
	at java.awt.EventQueue$3.run(EventQueue.java:709)
	at java.awt.EventQueue$3.run(EventQueue.java:703)
	at java.security.AccessController.doPrivileged(Native Method)
	at java.security.ProtectionDomain$JavaSecurityAccessImpl.doIntersectionPrivilege(ProtectionDomain.java:74)
	at java.security.ProtectionDomain$JavaSecurityAccessImpl.doIntersectionPrivilege(ProtectionDomain.java:84)
	at java.awt.EventQueue$4.run(EventQueue.java:733)
	at java.awt.EventQueue$4.run(EventQueue.java:731)
	at java.security.AccessController.doPrivileged(Native Method)
	at java.security.ProtectionDomain$JavaSecurityAccessImpl.doIntersectionPrivilege(ProtectionDomain.java:74)
	at java.awt.EventQueue.dispatchEvent(EventQueue.java:730)
	at java.awt.EventDispatchThread.pumpOneEventForFilters(EventDispatchThread.java:205)
	at java.awt.EventDispatchThread.pumpEventsForFilter(EventDispatchThread.java:116)
	at java.awt.EventDispatchThread.pumpEventsForHierarchy(EventDispatchThread.java:105)
	at java.awt.EventDispatchThread.pumpEvents(EventDispatchThread.java:101)
	at java.awt.EventDispatchThread.pumpEvents(EventDispatchThread.java:93)
	at java.awt.EventDispatchThread.run(EventDispatchThread.java:82)
Caused by: java.lang.ClassNotFoundException: net.sf.jasperreports.functions.FunctionsRegistryFactory
	at java.net.URLClassLoader.findClass(URLClassLoader.java:382)
	at java.lang.ClassLoader.loadClass(ClassLoader.java:418)
	at sun.misc.Launcher$AppClassLoader.loadClass(Launcher.java:355)
	at java.lang.ClassLoader.loadClass(ClassLoader.java:351)
	at java.lang.Class.forName0(Native Method)
	at java.lang.Class.forName(Class.java:348)
	at net.sf.jasperreports.engine.util.JRClassLoader.loadClassForRealName(JRClassLoader.java:175)
	at net.sf.jasperreports.engine.util.JRClassLoader.loadClassForName(JRClassLoader.java:115)
	at net.sf.jasperreports.engine.util.ClassUtils.instantiateClass(ClassUtils.java:53)
	... 60 more
[2022-02-12 15:47:58,583]ERROR    57[AWT-EventQueue-0] - net.sf.jasperreports.extensions.DefaultExtensionsRegistry.loadRegistries(DefaultExtensionsRegistry.java:221) - Error instantiating extensions registry for functions from jar:file:/home/sunny/NetBeansProjects/Job-Work-Management-System-master/lib_backup/jasperreports-functions-5.5.2.jar!/jasperreports_extension.properties
net.sf.jasperreports.engine.JRRuntimeException: Could not load class net.sf.jasperreports.functions.FunctionsRegistryFactory
	at net.sf.jasperreports.engine.util.ClassUtils.instantiateClass(ClassUtils.java:63)
	at net.sf.jasperreports.extensions.DefaultExtensionsRegistry.instantiateRegistry(DefaultExtensionsRegistry.java:237)
	at net.sf.jasperreports.extensions.DefaultExtensionsRegistry.loadRegistries(DefaultExtensionsRegistry.java:214)
	at net.sf.jasperreports.extensions.DefaultExtensionsRegistry.loadRegistries(DefaultExtensionsRegistry.java:162)
	at net.sf.jasperreports.extensions.DefaultExtensionsRegistry.getRegistries(DefaultExtensionsRegistry.java:133)
	at net.sf.jasperreports.extensions.DefaultExtensionsRegistry.getExtensions(DefaultExtensionsRegistry.java:105)
	at net.sf.jasperreports.engine.DefaultJasperReportsContext.getExtensions(DefaultJasperReportsContext.java:247)
	at net.sf.jasperreports.engine.component.ComponentsEnvironment.findBundles(ComponentsEnvironment.java:124)
	at net.sf.jasperreports.engine.component.ComponentsEnvironment.findComponentBundles(ComponentsEnvironment.java:200)
	at net.sf.jasperreports.engine.component.ComponentsEnvironment.getCachedBundles(ComponentsEnvironment.java:114)
	at net.sf.jasperreports.engine.component.ComponentsEnvironment.getCachedComponentBundles(ComponentsEnvironment.java:192)
	at net.sf.jasperreports.engine.component.ComponentsEnvironment.getBundles(ComponentsEnvironment.java:102)
	at net.sf.jasperreports.engine.component.ComponentsEnvironment.getComponentBundles(ComponentsEnvironment.java:184)
	at net.sf.jasperreports.engine.xml.JRReportSaxParserFactory.getSchemaLocations(JRReportSaxParserFactory.java:84)
	at net.sf.jasperreports.engine.xml.BaseSaxParserFactory.configureParser(BaseSaxParserFactory.java:131)
	at net.sf.jasperreports.engine.xml.BaseSaxParserFactory.createParser(BaseSaxParserFactory.java:94)
	at net.sf.jasperreports.engine.xml.JRXmlDigesterFactory.createParser(JRXmlDigesterFactory.java:1343)
	at net.sf.jasperreports.engine.xml.JRXmlDigesterFactory.createDigester(JRXmlDigesterFactory.java:1319)
	at net.sf.jasperreports.engine.xml.JRXmlLoader.load(JRXmlLoader.java:207)
	at net.sf.jasperreports.engine.xml.JRXmlLoader.load(JRXmlLoader.java:172)
	at net.sf.jasperreports.engine.xml.JRXmlLoader.load(JRXmlLoader.java:156)
	at job.work.management.system.CreateChallan.printOption(CreateChallan.java:283)
	at job.work.management.system.CreateChallan.btnPrintActionPerformed(CreateChallan.java:634)
	at job.work.management.system.CreateChallan.access$600(CreateChallan.java:32)
	at job.work.management.system.CreateChallan$7.actionPerformed(CreateChallan.java:501)
	at javax.swing.AbstractButton.fireActionPerformed(AbstractButton.java:2022)
	at javax.swing.AbstractButton$Handler.actionPerformed(AbstractButton.java:2348)
	at javax.swing.DefaultButtonModel.fireActionPerformed(DefaultButtonModel.java:402)
	at javax.swing.DefaultButtonModel.setPressed(DefaultButtonModel.java:259)
	at javax.swing.plaf.basic.BasicButtonListener.mouseReleased(BasicButtonListener.java:252)
	at java.awt.Component.processMouseEvent(Component.java:6539)
	at javax.swing.JComponent.processMouseEvent(JComponent.java:3324)
	at java.awt.Component.processEvent(Component.java:6304)
	at java.awt.Container.processEvent(Container.java:2239)
	at java.awt.Component.dispatchEventImpl(Component.java:4889)
	at java.awt.Container.dispatchEventImpl(Container.java:2297)
	at java.awt.Component.dispatchEvent(Component.java:4711)
	at java.awt.LightweightDispatcher.retargetMouseEvent(Container.java:4904)
	at java.awt.LightweightDispatcher.processMouseEvent(Container.java:4535)
	at java.awt.LightweightDispatcher.dispatchEvent(Container.java:4476)
	at java.awt.Container.dispatchEventImpl(Container.java:2283)
	at java.awt.Window.dispatchEventImpl(Window.java:2746)
	at java.awt.Component.dispatchEvent(Component.java:4711)
	at java.awt.EventQueue.dispatchEventImpl(EventQueue.java:760)
	at java.awt.EventQueue.access$500(EventQueue.java:97)
	at java.awt.EventQueue$3.run(EventQueue.java:709)
	at java.awt.EventQueue$3.run(EventQueue.java:703)
	at java.security.AccessController.doPrivileged(Native Method)
	at java.security.ProtectionDomain$JavaSecurityAccessImpl.doIntersectionPrivilege(ProtectionDomain.java:74)
	at java.security.ProtectionDomain$JavaSecurityAccessImpl.doIntersectionPrivilege(ProtectionDomain.java:84)
	at java.awt.EventQueue$4.run(EventQueue.java:733)
	at java.awt.EventQueue$4.run(EventQueue.java:731)
	at java.security.AccessController.doPrivileged(Native Method)
	at java.security.ProtectionDomain$JavaSecurityAccessImpl.doIntersectionPrivilege(ProtectionDomain.java:74)
	at java.awt.EventQueue.dispatchEvent(EventQueue.java:730)
	at java.awt.EventDispatchThread.pumpOneEventForFilters(EventDispatchThread.java:205)
	at java.awt.EventDispatchThread.pumpEventsForFilter(EventDispatchThread.java:116)
	at java.awt.EventDispatchThread.pumpEventsForHierarchy(EventDispatchThread.java:105)
	at java.awt.EventDispatchThread.pumpEvents(EventDispatchThread.java:101)
	at java.awt.EventDispatchThread.pumpEvents(EventDispatchThread.java:93)
	at java.awt.EventDispatchThread.run(EventDispatchThread.java:82)
Caused by: java.lang.ClassNotFoundException: net.sf.jasperreports.functions.FunctionsRegistryFactory
	at java.net.URLClassLoader.findClass(URLClassLoader.java:382)
	at java.lang.ClassLoader.loadClass(ClassLoader.java:418)
	at sun.misc.Launcher$AppClassLoader.loadClass(Launcher.java:355)
	at java.lang.ClassLoader.loadClass(ClassLoader.java:351)
	at java.lang.Class.forName0(Native Method)
	at java.lang.Class.forName(Class.java:348)
	at net.sf.jasperreports.engine.util.JRClassLoader.loadClassForRealName(JRClassLoader.java:175)
	at net.sf.jasperreports.engine.util.JRClassLoader.loadClassForName(JRClassLoader.java:115)
	at net.sf.jasperreports.engine.util.ClassUtils.instantiateClass(ClassUtils.java:53)
	... 60 more
[2022-02-12 15:57:44,564]ERROR    70[AWT-EventQueue-0] - net.sf.jasperreports.extensions.DefaultExtensionsRegistry.loadRegistries(DefaultExtensionsRegistry.java:221) - Error instantiating extensions registry for functions from jar:file:/home/sunny/NetBeansProjects/Job-Work-Management-System-master/lib_backup/jasperreports-functions-5.5.2.jar!/jasperreports_extension.properties
net.sf.jasperreports.engine.JRRuntimeException: Could not load class net.sf.jasperreports.functions.FunctionsRegistryFactory
	at net.sf.jasperreports.engine.util.ClassUtils.instantiateClass(ClassUtils.java:63)
	at net.sf.jasperreports.extensions.DefaultExtensionsRegistry.instantiateRegistry(DefaultExtensionsRegistry.java:237)
	at net.sf.jasperreports.extensions.DefaultExtensionsRegistry.loadRegistries(DefaultExtensionsRegistry.java:214)
	at net.sf.jasperreports.extensions.DefaultExtensionsRegistry.loadRegistries(DefaultExtensionsRegistry.java:162)
	at net.sf.jasperreports.extensions.DefaultExtensionsRegistry.getRegistries(DefaultExtensionsRegistry.java:133)
	at net.sf.jasperreports.extensions.DefaultExtensionsRegistry.getExtensions(DefaultExtensionsRegistry.java:105)
	at net.sf.jasperreports.engine.DefaultJasperReportsContext.getExtensions(DefaultJasperReportsContext.java:247)
	at net.sf.jasperreports.engine.component.ComponentsEnvironment.findBundles(ComponentsEnvironment.java:124)
	at net.sf.jasperreports.engine.component.ComponentsEnvironment.findComponentBundles(ComponentsEnvironment.java:200)
	at net.sf.jasperreports.engine.component.ComponentsEnvironment.getCachedBundles(ComponentsEnvironment.java:114)
	at net.sf.jasperreports.engine.component.ComponentsEnvironment.getCachedComponentBundles(ComponentsEnvironment.java:192)
	at net.sf.jasperreports.engine.component.ComponentsEnvironment.getBundles(ComponentsEnvironment.java:102)
	at net.sf.jasperreports.engine.component.ComponentsEnvironment.getComponentBundles(ComponentsEnvironment.java:184)
	at net.sf.jasperreports.engine.xml.JRReportSaxParserFactory.getSchemaLocations(JRReportSaxParserFactory.java:84)
	at net.sf.jasperreports.engine.xml.BaseSaxParserFactory.configureParser(BaseSaxParserFactory.java:131)
	at net.sf.jasperreports.engine.xml.BaseSaxParserFactory.createParser(BaseSaxParserFactory.java:94)
	at net.sf.jasperreports.engine.xml.JRXmlDigesterFactory.createParser(JRXmlDigesterFactory.java:1343)
	at net.sf.jasperreports.engine.xml.JRXmlDigesterFactory.createDigester(JRXmlDigesterFactory.java:1319)
	at net.sf.jasperreports.engine.xml.JRXmlLoader.load(JRXmlLoader.java:207)
	at net.sf.jasperreports.engine.xml.JRXmlLoader.load(JRXmlLoader.java:172)
	at net.sf.jasperreports.engine.xml.JRXmlLoader.load(JRXmlLoader.java:156)
	at job.work.management.system.CreateChallan.printOption(CreateChallan.java:288)
	at job.work.management.system.CreateChallan.btnPrintActionPerformed(CreateChallan.java:639)
	at job.work.management.system.CreateChallan.access$600(CreateChallan.java:33)
	at job.work.management.system.CreateChallan$7.actionPerformed(CreateChallan.java:506)
	at javax.swing.AbstractButton.fireActionPerformed(AbstractButton.java:2022)
	at javax.swing.AbstractButton$Handler.actionPerformed(AbstractButton.java:2348)
	at javax.swing.DefaultButtonModel.fireActionPerformed(DefaultButtonModel.java:402)
	at javax.swing.DefaultButtonModel.setPressed(DefaultButtonModel.java:259)
	at javax.swing.plaf.basic.BasicButtonListener.mouseReleased(BasicButtonListener.java:252)
	at java.awt.Component.processMouseEvent(Component.java:6539)
	at javax.swing.JComponent.processMouseEvent(JComponent.java:3324)
	at java.awt.Component.processEvent(Component.java:6304)
	at java.awt.Container.processEvent(Container.java:2239)
	at java.awt.Component.dispatchEventImpl(Component.java:4889)
	at java.awt.Container.dispatchEventImpl(Container.java:2297)
	at java.awt.Component.dispatchEvent(Component.java:4711)
	at java.awt.LightweightDispatcher.retargetMouseEvent(Container.java:4904)
	at java.awt.LightweightDispatcher.processMouseEvent(Container.java:4535)
	at java.awt.LightweightDispatcher.dispatchEvent(Container.java:4476)
	at java.awt.Container.dispatchEventImpl(Container.java:2283)
	at java.awt.Window.dispatchEventImpl(Window.java:2746)
	at java.awt.Component.dispatchEvent(Component.java:4711)
	at java.awt.EventQueue.dispatchEventImpl(EventQueue.java:760)
	at java.awt.EventQueue.access$500(EventQueue.java:97)
	at java.awt.EventQueue$3.run(EventQueue.java:709)
	at java.awt.EventQueue$3.run(EventQueue.java:703)
	at java.security.AccessController.doPrivileged(Native Method)
	at java.security.ProtectionDomain$JavaSecurityAccessImpl.doIntersectionPrivilege(ProtectionDomain.java:74)
	at java.security.ProtectionDomain$JavaSecurityAccessImpl.doIntersectionPrivilege(ProtectionDomain.java:84)
	at java.awt.EventQueue$4.run(EventQueue.java:733)
	at java.awt.EventQueue$4.run(EventQueue.java:731)
	at java.security.AccessController.doPrivileged(Native Method)
	at java.security.ProtectionDomain$JavaSecurityAccessImpl.doIntersectionPrivilege(ProtectionDomain.java:74)
	at java.awt.EventQueue.dispatchEvent(EventQueue.java:730)
	at java.awt.EventDispatchThread.pumpOneEventForFilters(EventDispatchThread.java:205)
	at java.awt.EventDispatchThread.pumpEventsForFilter(EventDispatchThread.java:116)
	at java.awt.EventDispatchThread.pumpEventsForHierarchy(EventDispatchThread.java:105)
	at java.awt.EventDispatchThread.pumpEvents(EventDispatchThread.java:101)
	at java.awt.EventDispatchThread.pumpEvents(EventDispatchThread.java:93)
	at java.awt.EventDispatchThread.run(EventDispatchThread.java:82)
Caused by: java.lang.ClassNotFoundException: net.sf.jasperreports.functions.FunctionsRegistryFactory
	at java.net.URLClassLoader.findClass(URLClassLoader.java:382)
	at java.lang.ClassLoader.loadClass(ClassLoader.java:418)
	at sun.misc.Launcher$AppClassLoader.loadClass(Launcher.java:355)
	at java.lang.ClassLoader.loadClass(ClassLoader.java:351)
	at java.lang.Class.forName0(Native Method)
	at java.lang.Class.forName(Class.java:348)
	at net.sf.jasperreports.engine.util.JRClassLoader.loadClassForRealName(JRClassLoader.java:175)
	at net.sf.jasperreports.engine.util.JRClassLoader.loadClassForName(JRClassLoader.java:115)
	at net.sf.jasperreports.engine.util.ClassUtils.instantiateClass(ClassUtils.java:53)
	... 60 more
[2022-02-12 22:14:38,460]ERROR   192[AWT-EventQueue-0] - net.sf.jasperreports.extensions.DefaultExtensionsRegistry.loadRegistries(DefaultExtensionsRegistry.java:221) - Error instantiating extensions registry for functions from jar:file:/C:/Users/sunny/Documents/NetBeansProjects/Job-Work-Management-System-master/lib_backup/jasperreports-functions-5.5.2.jar!/jasperreports_extension.properties
net.sf.jasperreports.engine.JRRuntimeException: Could not load class net.sf.jasperreports.functions.FunctionsRegistryFactory
	at net.sf.jasperreports.engine.util.ClassUtils.instantiateClass(ClassUtils.java:63)
	at net.sf.jasperreports.extensions.DefaultExtensionsRegistry.instantiateRegistry(DefaultExtensionsRegistry.java:237)
	at net.sf.jasperreports.extensions.DefaultExtensionsRegistry.loadRegistries(DefaultExtensionsRegistry.java:214)
	at net.sf.jasperreports.extensions.DefaultExtensionsRegistry.loadRegistries(DefaultExtensionsRegistry.java:162)
	at net.sf.jasperreports.extensions.DefaultExtensionsRegistry.getRegistries(DefaultExtensionsRegistry.java:133)
	at net.sf.jasperreports.extensions.DefaultExtensionsRegistry.getExtensions(DefaultExtensionsRegistry.java:105)
	at net.sf.jasperreports.engine.DefaultJasperReportsContext.getExtensions(DefaultJasperReportsContext.java:247)
	at net.sf.jasperreports.engine.component.ComponentsEnvironment.findBundles(ComponentsEnvironment.java:124)
	at net.sf.jasperreports.engine.component.ComponentsEnvironment.findComponentBundles(ComponentsEnvironment.java:200)
	at net.sf.jasperreports.engine.component.ComponentsEnvironment.getCachedBundles(ComponentsEnvironment.java:114)
	at net.sf.jasperreports.engine.component.ComponentsEnvironment.getCachedComponentBundles(ComponentsEnvironment.java:192)
	at net.sf.jasperreports.engine.component.ComponentsEnvironment.getBundles(ComponentsEnvironment.java:102)
	at net.sf.jasperreports.engine.component.ComponentsEnvironment.getComponentBundles(ComponentsEnvironment.java:184)
	at net.sf.jasperreports.engine.xml.JRReportSaxParserFactory.getSchemaLocations(JRReportSaxParserFactory.java:84)
	at net.sf.jasperreports.engine.xml.BaseSaxParserFactory.configureParser(BaseSaxParserFactory.java:131)
	at net.sf.jasperreports.engine.xml.BaseSaxParserFactory.createParser(BaseSaxParserFactory.java:94)
	at net.sf.jasperreports.engine.xml.JRXmlDigesterFactory.createParser(JRXmlDigesterFactory.java:1343)
	at net.sf.jasperreports.engine.xml.JRXmlDigesterFactory.createDigester(JRXmlDigesterFactory.java:1319)
	at net.sf.jasperreports.engine.xml.JRXmlLoader.load(JRXmlLoader.java:207)
	at net.sf.jasperreports.engine.xml.JRXmlLoader.load(JRXmlLoader.java:172)
	at net.sf.jasperreports.engine.xml.JRXmlLoader.load(JRXmlLoader.java:156)
	at job.work.management.system.CreateQuotation.printOptions(CreateQuotation.java:755)
	at job.work.management.system.CreateQuotation.btnPrintQuotationActionPerformed(CreateQuotation.java:1864)
	at job.work.management.system.CreateQuotation.access$3100(CreateQuotation.java:34)
	at job.work.management.system.CreateQuotation$31.actionPerformed(CreateQuotation.java:1525)
	at javax.swing.AbstractButton.fireActionPerformed(AbstractButton.java:2022)
	at javax.swing.AbstractButton$Handler.actionPerformed(AbstractButton.java:2348)
	at javax.swing.DefaultButtonModel.fireActionPerformed(DefaultButtonModel.java:402)
	at javax.swing.DefaultButtonModel.setPressed(DefaultButtonModel.java:259)
	at javax.swing.plaf.basic.BasicButtonListener.mouseReleased(BasicButtonListener.java:252)
	at java.awt.Component.processMouseEvent(Component.java:6535)
	at javax.swing.JComponent.processMouseEvent(JComponent.java:3324)
	at java.awt.Component.processEvent(Component.java:6300)
	at java.awt.Container.processEvent(Container.java:2236)
	at java.awt.Component.dispatchEventImpl(Component.java:4891)
	at java.awt.Container.dispatchEventImpl(Container.java:2294)
	at java.awt.Component.dispatchEvent(Component.java:4713)
	at java.awt.LightweightDispatcher.retargetMouseEvent(Container.java:4888)
	at java.awt.LightweightDispatcher.processMouseEvent(Container.java:4525)
	at java.awt.LightweightDispatcher.dispatchEvent(Container.java:4466)
	at java.awt.Container.dispatchEventImpl(Container.java:2280)
	at java.awt.Window.dispatchEventImpl(Window.java:2750)
	at java.awt.Component.dispatchEvent(Component.java:4713)
	at java.awt.EventQueue.dispatchEventImpl(EventQueue.java:758)
	at java.awt.EventQueue.access$500(EventQueue.java:97)
	at java.awt.EventQueue$3.run(EventQueue.java:709)
	at java.awt.EventQueue$3.run(EventQueue.java:703)
	at java.security.AccessController.doPrivileged(Native Method)
	at java.security.ProtectionDomain$JavaSecurityAccessImpl.doIntersectionPrivilege(ProtectionDomain.java:76)
	at java.security.ProtectionDomain$JavaSecurityAccessImpl.doIntersectionPrivilege(ProtectionDomain.java:86)
	at java.awt.EventQueue$4.run(EventQueue.java:731)
	at java.awt.EventQueue$4.run(EventQueue.java:729)
	at java.security.AccessController.doPrivileged(Native Method)
	at java.security.ProtectionDomain$JavaSecurityAccessImpl.doIntersectionPrivilege(ProtectionDomain.java:76)
	at java.awt.EventQueue.dispatchEvent(EventQueue.java:728)
	at java.awt.EventDispatchThread.pumpOneEventForFilters(EventDispatchThread.java:201)
	at java.awt.EventDispatchThread.pumpEventsForFilter(EventDispatchThread.java:116)
	at java.awt.EventDispatchThread.pumpEventsForHierarchy(EventDispatchThread.java:105)
	at java.awt.EventDispatchThread.pumpEvents(EventDispatchThread.java:101)
	at java.awt.EventDispatchThread.pumpEvents(EventDispatchThread.java:93)
	at java.awt.EventDispatchThread.run(EventDispatchThread.java:82)
Caused by: java.lang.ClassNotFoundException: net.sf.jasperreports.functions.FunctionsRegistryFactory
	at java.net.URLClassLoader.findClass(URLClassLoader.java:381)
	at java.lang.ClassLoader.loadClass(ClassLoader.java:424)
	at sun.misc.Launcher$AppClassLoader.loadClass(Launcher.java:331)
	at java.lang.ClassLoader.loadClass(ClassLoader.java:357)
	at java.lang.Class.forName0(Native Method)
	at java.lang.Class.forName(Class.java:348)
	at net.sf.jasperreports.engine.util.JRClassLoader.loadClassForRealName(JRClassLoader.java:175)
	at net.sf.jasperreports.engine.util.JRClassLoader.loadClassForName(JRClassLoader.java:115)
	at net.sf.jasperreports.engine.util.ClassUtils.instantiateClass(ClassUtils.java:53)
	... 60 more
[2022-02-12 22:21:41,013]ERROR   120[AWT-EventQueue-0] - net.sf.jasperreports.extensions.DefaultExtensionsRegistry.loadRegistries(DefaultExtensionsRegistry.java:221) - Error instantiating extensions registry for functions from jar:file:/C:/Users/sunny/Documents/NetBeansProjects/Job-Work-Management-System-master/lib_backup/jasperreports-functions-5.5.2.jar!/jasperreports_extension.properties
net.sf.jasperreports.engine.JRRuntimeException: Could not load class net.sf.jasperreports.functions.FunctionsRegistryFactory
	at net.sf.jasperreports.engine.util.ClassUtils.instantiateClass(ClassUtils.java:63)
	at net.sf.jasperreports.extensions.DefaultExtensionsRegistry.instantiateRegistry(DefaultExtensionsRegistry.java:237)
	at net.sf.jasperreports.extensions.DefaultExtensionsRegistry.loadRegistries(DefaultExtensionsRegistry.java:214)
	at net.sf.jasperreports.extensions.DefaultExtensionsRegistry.loadRegistries(DefaultExtensionsRegistry.java:162)
	at net.sf.jasperreports.extensions.DefaultExtensionsRegistry.getRegistries(DefaultExtensionsRegistry.java:133)
	at net.sf.jasperreports.extensions.DefaultExtensionsRegistry.getExtensions(DefaultExtensionsRegistry.java:105)
	at net.sf.jasperreports.engine.DefaultJasperReportsContext.getExtensions(DefaultJasperReportsContext.java:247)
	at net.sf.jasperreports.engine.component.ComponentsEnvironment.findBundles(ComponentsEnvironment.java:124)
	at net.sf.jasperreports.engine.component.ComponentsEnvironment.findComponentBundles(ComponentsEnvironment.java:200)
	at net.sf.jasperreports.engine.component.ComponentsEnvironment.getCachedBundles(ComponentsEnvironment.java:114)
	at net.sf.jasperreports.engine.component.ComponentsEnvironment.getCachedComponentBundles(ComponentsEnvironment.java:192)
	at net.sf.jasperreports.engine.component.ComponentsEnvironment.getBundles(ComponentsEnvironment.java:102)
	at net.sf.jasperreports.engine.component.ComponentsEnvironment.getComponentBundles(ComponentsEnvironment.java:184)
	at net.sf.jasperreports.engine.xml.JRReportSaxParserFactory.getSchemaLocations(JRReportSaxParserFactory.java:84)
	at net.sf.jasperreports.engine.xml.BaseSaxParserFactory.configureParser(BaseSaxParserFactory.java:131)
	at net.sf.jasperreports.engine.xml.BaseSaxParserFactory.createParser(BaseSaxParserFactory.java:94)
	at net.sf.jasperreports.engine.xml.JRXmlDigesterFactory.createParser(JRXmlDigesterFactory.java:1343)
	at net.sf.jasperreports.engine.xml.JRXmlDigesterFactory.createDigester(JRXmlDigesterFactory.java:1319)
	at net.sf.jasperreports.engine.xml.JRXmlLoader.load(JRXmlLoader.java:207)
	at net.sf.jasperreports.engine.xml.JRXmlLoader.load(JRXmlLoader.java:172)
	at net.sf.jasperreports.engine.xml.JRXmlLoader.load(JRXmlLoader.java:156)
	at job.work.management.system.CreateQuotation.printOptions(CreateQuotation.java:755)
	at job.work.management.system.CreateQuotation.btnPrintQuotationActionPerformed(CreateQuotation.java:1864)
	at job.work.management.system.CreateQuotation.access$3100(CreateQuotation.java:34)
	at job.work.management.system.CreateQuotation$31.actionPerformed(CreateQuotation.java:1525)
	at javax.swing.AbstractButton.fireActionPerformed(AbstractButton.java:2022)
	at javax.swing.AbstractButton$Handler.actionPerformed(AbstractButton.java:2348)
	at javax.swing.DefaultButtonModel.fireActionPerformed(DefaultButtonModel.java:402)
	at javax.swing.DefaultButtonModel.setPressed(DefaultButtonModel.java:259)
	at javax.swing.plaf.basic.BasicButtonListener.mouseReleased(BasicButtonListener.java:252)
	at java.awt.Component.processMouseEvent(Component.java:6535)
	at javax.swing.JComponent.processMouseEvent(JComponent.java:3324)
	at java.awt.Component.processEvent(Component.java:6300)
	at java.awt.Container.processEvent(Container.java:2236)
	at java.awt.Component.dispatchEventImpl(Component.java:4891)
	at java.awt.Container.dispatchEventImpl(Container.java:2294)
	at java.awt.Component.dispatchEvent(Component.java:4713)
	at java.awt.LightweightDispatcher.retargetMouseEvent(Container.java:4888)
	at java.awt.LightweightDispatcher.processMouseEvent(Container.java:4525)
	at java.awt.LightweightDispatcher.dispatchEvent(Container.java:4466)
	at java.awt.Container.dispatchEventImpl(Container.java:2280)
	at java.awt.Window.dispatchEventImpl(Window.java:2750)
	at java.awt.Component.dispatchEvent(Component.java:4713)
	at java.awt.EventQueue.dispatchEventImpl(EventQueue.java:758)
	at java.awt.EventQueue.access$500(EventQueue.java:97)
	at java.awt.EventQueue$3.run(EventQueue.java:709)
	at java.awt.EventQueue$3.run(EventQueue.java:703)
	at java.security.AccessController.doPrivileged(Native Method)
	at java.security.ProtectionDomain$JavaSecurityAccessImpl.doIntersectionPrivilege(ProtectionDomain.java:76)
	at java.security.ProtectionDomain$JavaSecurityAccessImpl.doIntersectionPrivilege(ProtectionDomain.java:86)
	at java.awt.EventQueue$4.run(EventQueue.java:731)
	at java.awt.EventQueue$4.run(EventQueue.java:729)
	at java.security.AccessController.doPrivileged(Native Method)
	at java.security.ProtectionDomain$JavaSecurityAccessImpl.doIntersectionPrivilege(ProtectionDomain.java:76)
	at java.awt.EventQueue.dispatchEvent(EventQueue.java:728)
	at java.awt.EventDispatchThread.pumpOneEventForFilters(EventDispatchThread.java:201)
	at java.awt.EventDispatchThread.pumpEventsForFilter(EventDispatchThread.java:116)
	at java.awt.EventDispatchThread.pumpEventsForHierarchy(EventDispatchThread.java:105)
	at java.awt.EventDispatchThread.pumpEvents(EventDispatchThread.java:101)
	at java.awt.EventDispatchThread.pumpEvents(EventDispatchThread.java:93)
	at java.awt.EventDispatchThread.run(EventDispatchThread.java:82)
Caused by: java.lang.ClassNotFoundException: net.sf.jasperreports.functions.FunctionsRegistryFactory
	at java.net.URLClassLoader.findClass(URLClassLoader.java:381)
	at java.lang.ClassLoader.loadClass(ClassLoader.java:424)
	at sun.misc.Launcher$AppClassLoader.loadClass(Launcher.java:331)
	at java.lang.ClassLoader.loadClass(ClassLoader.java:357)
	at java.lang.Class.forName0(Native Method)
	at java.lang.Class.forName(Class.java:348)
	at net.sf.jasperreports.engine.util.JRClassLoader.loadClassForRealName(JRClassLoader.java:175)
	at net.sf.jasperreports.engine.util.JRClassLoader.loadClassForName(JRClassLoader.java:115)
	at net.sf.jasperreports.engine.util.ClassUtils.instantiateClass(ClassUtils.java:53)
	... 60 more
[2022-02-13 02:08:19,383]ERROR   128[AWT-EventQueue-0] - net.sf.jasperreports.extensions.DefaultExtensionsRegistry.loadRegistries(DefaultExtensionsRegistry.java:221) - Error instantiating extensions registry for functions from jar:file:/C:/Users/sunny/Documents/NetBeansProjects/Job%20Work%20Management%20System/lib_backup/jasperreports-functions-5.5.2.jar!/jasperreports_extension.properties
net.sf.jasperreports.engine.JRRuntimeException: Could not load class net.sf.jasperreports.functions.FunctionsRegistryFactory
	at net.sf.jasperreports.engine.util.ClassUtils.instantiateClass(ClassUtils.java:63)
	at net.sf.jasperreports.extensions.DefaultExtensionsRegistry.instantiateRegistry(DefaultExtensionsRegistry.java:237)
	at net.sf.jasperreports.extensions.DefaultExtensionsRegistry.loadRegistries(DefaultExtensionsRegistry.java:214)
	at net.sf.jasperreports.extensions.DefaultExtensionsRegistry.loadRegistries(DefaultExtensionsRegistry.java:162)
	at net.sf.jasperreports.extensions.DefaultExtensionsRegistry.getRegistries(DefaultExtensionsRegistry.java:133)
	at net.sf.jasperreports.extensions.DefaultExtensionsRegistry.getExtensions(DefaultExtensionsRegistry.java:105)
	at net.sf.jasperreports.engine.DefaultJasperReportsContext.getExtensions(DefaultJasperReportsContext.java:247)
	at net.sf.jasperreports.engine.component.ComponentsEnvironment.findBundles(ComponentsEnvironment.java:124)
	at net.sf.jasperreports.engine.component.ComponentsEnvironment.findComponentBundles(ComponentsEnvironment.java:200)
	at net.sf.jasperreports.engine.component.ComponentsEnvironment.getCachedBundles(ComponentsEnvironment.java:114)
	at net.sf.jasperreports.engine.component.ComponentsEnvironment.getCachedComponentBundles(ComponentsEnvironment.java:192)
	at net.sf.jasperreports.engine.component.ComponentsEnvironment.getBundles(ComponentsEnvironment.java:102)
	at net.sf.jasperreports.engine.component.ComponentsEnvironment.getComponentBundles(ComponentsEnvironment.java:184)
	at net.sf.jasperreports.engine.xml.JRReportSaxParserFactory.getSchemaLocations(JRReportSaxParserFactory.java:84)
	at net.sf.jasperreports.engine.xml.BaseSaxParserFactory.configureParser(BaseSaxParserFactory.java:131)
	at net.sf.jasperreports.engine.xml.BaseSaxParserFactory.createParser(BaseSaxParserFactory.java:94)
	at net.sf.jasperreports.engine.xml.JRXmlDigesterFactory.createParser(JRXmlDigesterFactory.java:1343)
	at net.sf.jasperreports.engine.xml.JRXmlDigesterFactory.createDigester(JRXmlDigesterFactory.java:1319)
	at net.sf.jasperreports.engine.xml.JRXmlLoader.load(JRXmlLoader.java:207)
	at net.sf.jasperreports.engine.xml.JRXmlLoader.load(JRXmlLoader.java:172)
	at net.sf.jasperreports.engine.xml.JRXmlLoader.load(JRXmlLoader.java:156)
	at job.work.management.system.CreateChallan.printOption(CreateChallan.java:288)
	at job.work.management.system.CreateChallan.btnPrintActionPerformed(CreateChallan.java:642)
	at job.work.management.system.CreateChallan.access$600(CreateChallan.java:33)
	at job.work.management.system.CreateChallan$7.actionPerformed(CreateChallan.java:508)
	at javax.swing.AbstractButton.fireActionPerformed(AbstractButton.java:2022)
	at javax.swing.AbstractButton$Handler.actionPerformed(AbstractButton.java:2348)
	at javax.swing.DefaultButtonModel.fireActionPerformed(DefaultButtonModel.java:402)
	at javax.swing.DefaultButtonModel.setPressed(DefaultButtonModel.java:259)
	at javax.swing.plaf.basic.BasicButtonListener.mouseReleased(BasicButtonListener.java:252)
	at java.awt.Component.processMouseEvent(Component.java:6535)
	at javax.swing.JComponent.processMouseEvent(JComponent.java:3324)
	at java.awt.Component.processEvent(Component.java:6300)
	at java.awt.Container.processEvent(Container.java:2236)
	at java.awt.Component.dispatchEventImpl(Component.java:4891)
	at java.awt.Container.dispatchEventImpl(Container.java:2294)
	at java.awt.Component.dispatchEvent(Component.java:4713)
	at java.awt.LightweightDispatcher.retargetMouseEvent(Container.java:4888)
	at java.awt.LightweightDispatcher.processMouseEvent(Container.java:4525)
	at java.awt.LightweightDispatcher.dispatchEvent(Container.java:4466)
	at java.awt.Container.dispatchEventImpl(Container.java:2280)
	at java.awt.Window.dispatchEventImpl(Window.java:2750)
	at java.awt.Component.dispatchEvent(Component.java:4713)
	at java.awt.EventQueue.dispatchEventImpl(EventQueue.java:758)
	at java.awt.EventQueue.access$500(EventQueue.java:97)
	at java.awt.EventQueue$3.run(EventQueue.java:709)
	at java.awt.EventQueue$3.run(EventQueue.java:703)
	at java.security.AccessController.doPrivileged(Native Method)
	at java.security.ProtectionDomain$JavaSecurityAccessImpl.doIntersectionPrivilege(ProtectionDomain.java:76)
	at java.security.ProtectionDomain$JavaSecurityAccessImpl.doIntersectionPrivilege(ProtectionDomain.java:86)
	at java.awt.EventQueue$4.run(EventQueue.java:731)
	at java.awt.EventQueue$4.run(EventQueue.java:729)
	at java.security.AccessController.doPrivileged(Native Method)
	at java.security.ProtectionDomain$JavaSecurityAccessImpl.doIntersectionPrivilege(ProtectionDomain.java:76)
	at java.awt.EventQueue.dispatchEvent(EventQueue.java:728)
	at java.awt.EventDispatchThread.pumpOneEventForFilters(EventDispatchThread.java:201)
	at java.awt.EventDispatchThread.pumpEventsForFilter(EventDispatchThread.java:116)
	at java.awt.EventDispatchThread.pumpEventsForHierarchy(EventDispatchThread.java:105)
	at java.awt.EventDispatchThread.pumpEvents(EventDispatchThread.java:101)
	at java.awt.EventDispatchThread.pumpEvents(EventDispatchThread.java:93)
	at java.awt.EventDispatchThread.run(EventDispatchThread.java:82)
Caused by: java.lang.ClassNotFoundException: net.sf.jasperreports.functions.FunctionsRegistryFactory
	at java.net.URLClassLoader.findClass(URLClassLoader.java:381)
	at java.lang.ClassLoader.loadClass(ClassLoader.java:424)
	at sun.misc.Launcher$AppClassLoader.loadClass(Launcher.java:331)
	at java.lang.ClassLoader.loadClass(ClassLoader.java:357)
	at java.lang.Class.forName0(Native Method)
	at java.lang.Class.forName(Class.java:348)
	at net.sf.jasperreports.engine.util.JRClassLoader.loadClassForRealName(JRClassLoader.java:175)
	at net.sf.jasperreports.engine.util.JRClassLoader.loadClassForName(JRClassLoader.java:115)
	at net.sf.jasperreports.engine.util.ClassUtils.instantiateClass(ClassUtils.java:53)
	... 60 more
